[debug] [2021-06-15T12:51:18.058Z] ----------------------------------------------------------------------
[debug] [2021-06-15T12:51:18.061Z] Command:       /usr/local/bin/node /usr/local/bin/firebase deploy
[debug] [2021-06-15T12:51:18.061Z] CLI Version:   9.12.1
[debug] [2021-06-15T12:51:18.062Z] Platform:      darwin
[debug] [2021-06-15T12:51:18.062Z] Node Version:  v14.15.0
[debug] [2021-06-15T12:51:18.063Z] Time:          Tue Jun 15 2021 14:51:18 GMT+0200 (South Africa Standard Time)
[debug] [2021-06-15T12:51:18.063Z] ----------------------------------------------------------------------
[debug] 
[debug] [2021-06-15T12:51:18.074Z] > command requires scopes: ["email","openid","https://www.googleapis.com/auth/cloudplatformprojects.readonly","https://www.googleapis.com/auth/firebase","https://www.googleapis.com/auth/cloud-platform"]
[debug] [2021-06-15T12:51:18.075Z] > authorizing via signed-in user (sydneymlambo@gmail.com)
[debug] [2021-06-15T12:51:18.075Z] [iam] checking project sandbox-ng-v1 for permissions ["firebase.projects.get","firebasedatabase.instances.update","firebasehosting.sites.update"]
[debug] [2021-06-15T12:51:18.078Z] >>> HTTP REQUEST POST https://cloudresourcemanager.googleapis.com/v1/projects/sandbox-ng-v1:testIamPermissions  
 {"permissions":["firebase.projects.get","firebasedatabase.instances.update","firebasehosting.sites.update"]}
[debug] [2021-06-15T12:51:20.014Z] <<< HTTP RESPONSE 200 {"content-type":"application/json; charset=UTF-8","vary":"X-Origin, Referer, Origin,Accept-Encoding","date":"Tue, 15 Jun 2021 12:51:19 GMT","server":"ESF","cache-control":"private","x-xss-protection":"0","x-frame-options":"SAMEORIGIN","x-content-type-options":"nosniff","server-timing":"gfet4t7; dur=1503","alt-svc":"h3=\":443\"; ma=2592000,h3-29=\":443\"; ma=2592000,h3-T051=\":443\"; ma=2592000,h3-Q050=\":443\"; ma=2592000,h3-Q046=\":443\"; ma=2592000,h3-Q043=\":443\"; ma=2592000,quic=\":443\"; ma=2592000; v=\"46,43\"","accept-ranges":"none","transfer-encoding":"chunked"}
[debug] [2021-06-15T12:51:20.017Z] > refreshing access token with scopes: []
[debug] [2021-06-15T12:51:20.018Z] >>> HTTP REQUEST POST https://www.googleapis.com/oauth2/v3/token  
 <request body omitted>
[debug] [2021-06-15T12:51:21.120Z] <<< HTTP RESPONSE 200 {"date":"Tue, 15 Jun 2021 12:51:21 GMT","pragma":"no-cache","expires":"Mon, 01 Jan 1990 00:00:00 GMT","cache-control":"no-cache, no-store, max-age=0, must-revalidate","content-type":"application/json; charset=utf-8","vary":"X-Origin, Referer, Origin,Accept-Encoding","server":"scaffolding on HTTPServer2","x-xss-protection":"0","x-frame-options":"SAMEORIGIN","x-content-type-options":"nosniff","alt-svc":"h3=\":443\"; ma=2592000,h3-29=\":443\"; ma=2592000,h3-T051=\":443\"; ma=2592000,h3-Q050=\":443\"; ma=2592000,h3-Q046=\":443\"; ma=2592000,h3-Q043=\":443\"; ma=2592000,quic=\":443\"; ma=2592000; v=\"46,43\"","accept-ranges":"none","transfer-encoding":"chunked"}
[debug] [2021-06-15T12:51:21.151Z] >>> [apiv2][query] GET https://firebase.googleapis.com/v1beta1/projects/sandbox-ng-v1 [none]
[debug] [2021-06-15T12:51:21.857Z] <<< [apiv2][status] GET https://firebase.googleapis.com/v1beta1/projects/sandbox-ng-v1 200
[debug] [2021-06-15T12:51:21.858Z] <<< [apiv2][body] GET https://firebase.googleapis.com/v1beta1/projects/sandbox-ng-v1 {"projectId":"sandbox-ng-v1","projectNumber":"645470601036","displayName":"sandbox-ng-v1","name":"projects/sandbox-ng-v1","resources":{"hostingSite":"sandbox-ng-v1","realtimeDatabaseInstance":"sandbox-ng-v1-default-rtdb"},"state":"ACTIVE"}
[debug] [2021-06-15T12:51:21.858Z] >>> [apiv2][query] GET https://firebase.googleapis.com/v1beta1/projects/sandbox-ng-v1 [none]
[debug] [2021-06-15T12:51:22.412Z] <<< [apiv2][status] GET https://firebase.googleapis.com/v1beta1/projects/sandbox-ng-v1 200
[debug] [2021-06-15T12:51:22.412Z] <<< [apiv2][body] GET https://firebase.googleapis.com/v1beta1/projects/sandbox-ng-v1 {"projectId":"sandbox-ng-v1","projectNumber":"645470601036","displayName":"sandbox-ng-v1","name":"projects/sandbox-ng-v1","resources":{"hostingSite":"sandbox-ng-v1","realtimeDatabaseInstance":"sandbox-ng-v1-default-rtdb"},"state":"ACTIVE"}
[info] 
[info] === Deploying to 'sandbox-ng-v1'...
[info] 
[info] i  deploying database, hosting 
[info] i  database: checking rules syntax... 
[debug] [2021-06-15T12:51:22.417Z] > refreshing access token with scopes: ["email","https://www.googleapis.com/auth/cloud-platform","https://www.googleapis.com/auth/cloudplatformprojects.readonly","https://www.googleapis.com/auth/firebase","openid"]
[debug] [2021-06-15T12:51:22.417Z] >>> HTTP REQUEST POST https://www.googleapis.com/oauth2/v3/token  
 <request body omitted>
[debug] [2021-06-15T12:51:22.950Z] <<< HTTP RESPONSE 200 {"pragma":"no-cache","cache-control":"no-cache, no-store, max-age=0, must-revalidate","date":"Tue, 15 Jun 2021 12:51:22 GMT","expires":"Mon, 01 Jan 1990 00:00:00 GMT","content-type":"application/json; charset=utf-8","vary":"X-Origin, Referer, Origin,Accept-Encoding","server":"scaffolding on HTTPServer2","x-xss-protection":"0","x-frame-options":"SAMEORIGIN","x-content-type-options":"nosniff","alt-svc":"h3=\":443\"; ma=2592000,h3-29=\":443\"; ma=2592000,h3-T051=\":443\"; ma=2592000,h3-Q050=\":443\"; ma=2592000,h3-Q046=\":443\"; ma=2592000,h3-Q043=\":443\"; ma=2592000,quic=\":443\"; ma=2592000; v=\"46,43\"","accept-ranges":"none","transfer-encoding":"chunked"}
[debug] [2021-06-15T12:51:22.981Z] >>> HTTP REQUEST GET https://firebasedatabase.googleapis.com/v1beta/projects/sandbox-ng-v1/locations/-/instances/sandbox-ng-v1-default-rtdb  
 
